INFO: 2016-01-06 12:16:03,445: perform_upgrade() 'Last run version was 0.5.5 or earlier, current version is 0.5.5'
INFO: 2016-01-06 12:16:03,568: process_command() 'Received command: []'
INFO: 2016-01-06 12:16:03,583: load_banned() 'Missing or invalid banned URLs list, no URLs will be banned'
INFO: 2016-01-06 12:16:04,131: load() 'Jumble loading'
INFO: 2016-01-06 12:16:04,146: _walk_modules() 'Jumble loading module in __init__ from /usr/share/variety/plugins/__init__.py'
INFO: 2016-01-06 12:16:04,166: _walk_modules() 'Jumble loading module in QuotesDaddySource from /usr/share/variety/plugins/quotes/QuotesDaddySource.py'
INFO: 2016-01-06 12:16:04,229: load() 'Jumble found plugin class: <class 'QuotesDaddySource.QuotesDaddySource'>: {'author': 'Peter Levi', 'name': 'QuotesDaddy', 'version': '0.1', 'description': u"Fetches quotes from QuotesDaddy's daily quotes RSS feed.\nDoes not support searching by tags or authors."}'
INFO: 2016-01-06 12:16:04,230: _walk_modules() 'Jumble loading module in LocalFilesSource from /usr/share/variety/plugins/quotes/LocalFilesSource.py'
INFO: 2016-01-06 12:16:04,315: load() 'Jumble found plugin class: <class 'LocalFilesSource.LocalFilesSource'>: {'author': 'Peter Levi', 'name': 'Local text files', 'version': '0.1', 'description': u'Displays quotes, defined in local text files.\nPut your own txt files in: ~/.config/variety/pluginconfig/quotes/.\nThe file format is:\n\nquote -- author\n.\nsecond quote -- another author\n.\netc...\n\nExample: http://rvelthuis.de/zips/quotes.txt'}'
INFO: 2016-01-06 12:16:04,316: _walk_modules() 'Jumble loading module in GoodreadsSource from /usr/share/variety/plugins/quotes/GoodreadsSource.py'
INFO: 2016-01-06 12:16:04,665: load() 'Jumble found plugin class: <class 'GoodreadsSource.GoodreadsSource'>: {'author': 'Peter Levi', 'name': 'Goodreads', 'version': '0.1', 'description': u'Fetches quotes from Goodreads.com'}'
INFO: 2016-01-06 12:16:04,665: _walk_modules() 'Jumble loading module in QuotationsPageSource from /usr/share/variety/plugins/quotes/QuotationsPageSource.py'
INFO: 2016-01-06 12:16:04,684: load() 'Jumble found plugin class: <class 'QuotationsPageSource.QuotationsPageSource'>: {'author': 'Peter Levi', 'name': 'TheQuotationsPage.com', 'version': '0.1', 'description': u'Fetches quotes from TheQuotationsPage.com'}'
INFO: 2016-01-06 12:16:04,684: _walk_modules() 'Jumble loading module in __init__ from /usr/share/variety/plugins/quotes/__init__.py'
INFO: 2016-01-06 12:16:04,746: load_user() 'smart: Loaded smart user: sts0q7wvio'
INFO: 2016-01-06 12:16:04,970: reload_config() 'Creating new downloader for type 19, location Recommended by Variety. Adapts to your taste as you mark images as favorite or trash.'
INFO: 2016-01-06 12:16:04,970: reload_config() 'Creating new downloader for type 20, location Latest favorites by the other users of Variety. [May contain NSFW images]'
INFO: 2016-01-06 12:16:04,971: reload_config() 'Creating new downloader for type 6, location Random wallpapers from Desktoppr.co'
INFO: 2016-01-06 12:16:04,971: reload_config() 'Creating new downloader for type 5, location http://www.wallpapers.net/nature-hd-wallpapers78'
INFO: 2016-01-06 12:16:04,971: reload_config() 'Creating new downloader for type 13, location autumn'
INFO: 2016-01-06 12:16:04,971: reload_config() 'Creating new downloader for type 13, location nature'
INFO: 2016-01-06 12:16:04,971: reload_config() 'Creating new downloader for type 13, location macro'
INFO: 2016-01-06 12:16:04,971: reload_config() 'Creating new downloader for type 13, location leaves'
INFO: 2016-01-06 12:16:04,971: reload_config() 'Creating new downloader for type 13, location cityscape'
INFO: 2016-01-06 12:16:04,972: reload_config() 'Creating new downloader for type 13, location tilt shift'
INFO: 2016-01-06 12:16:04,972: reload_config() 'Creating new downloader for type 13, location bokeh'
INFO: 2016-01-06 12:16:04,973: log_options() 'Loaded options:'
INFO: 2016-01-06 12:16:04,973: log_options() 'change_enabled = True'
INFO: 2016-01-06 12:16:04,973: log_options() 'change_interval = 86400'
INFO: 2016-01-06 12:16:04,973: log_options() 'change_on_start = False'
INFO: 2016-01-06 12:16:04,973: log_options() 'clipboard_enabled = False'
INFO: 2016-01-06 12:16:04,973: log_options() 'clipboard_hosts = [u'wallbase.cc', u'ns223506.ovh.net', u'wallpapers.net', u'flickr.com', u'imgur.com', u'deviantart.com', u'interfacelift.com', u'vladstudio.com', u'imageshack.us']'
INFO: 2016-01-06 12:16:04,974: log_options() 'clipboard_use_whitelist = True'
INFO: 2016-01-06 12:16:04,974: log_options() 'clock_date_font = Ubuntu Condensed, 30'
INFO: 2016-01-06 12:16:04,974: log_options() 'clock_enabled = False'
INFO: 2016-01-06 12:16:04,974: log_options() 'clock_filter = -density 100 -font `fc-match -f '%{file[0]}' '%CLOCK_FONT_NAME'` -pointsize %CLOCK_FONT_SIZE -gravity SouthEast -fill '#00000044' -annotate 0x0+[%HOFFSET+58]+[%VOFFSET+108] '%H:%M' -fill white -annotate 0x0+[%HOFFSET+60]+[%VOFFSET+110] '%H:%M' -font `fc-match -f '%{file[0]}' '%DATE_FONT_NAME'` -pointsize %DATE_FONT_SIZE -fill '#00000044' -annotate 0x0+[%HOFFSET+58]+[%VOFFSET+58] '%A, %B %d' -fill white -annotate 0x0+[%HOFFSET+60]+[%VOFFSET+60] '%A, %B %d''
INFO: 2016-01-06 12:16:04,974: log_options() 'clock_font = Ubuntu Condensed, 70'
INFO: 2016-01-06 12:16:04,974: log_options() 'configfile = /home/aaronus23/.config/variety/variety.conf'
INFO: 2016-01-06 12:16:04,974: log_options() 'copyto_enabled = False'
INFO: 2016-01-06 12:16:04,974: log_options() 'copyto_folder = Default'
INFO: 2016-01-06 12:16:04,974: log_options() 'desired_color = [160, 160, 160]'
INFO: 2016-01-06 12:16:04,975: log_options() 'desired_color_enabled = False'
INFO: 2016-01-06 12:16:04,975: log_options() 'download_enabled = True'
INFO: 2016-01-06 12:16:04,975: log_options() 'download_folder = /home/aaronus23/Pictures'
INFO: 2016-01-06 12:16:04,975: log_options() 'download_interval = 86400'
INFO: 2016-01-06 12:16:04,975: log_options() 'facebook_message = '
INFO: 2016-01-06 12:16:04,975: log_options() 'facebook_show_dialog = True'
INFO: 2016-01-06 12:16:04,975: log_options() 'favorites_folder = /home/aaronus23/.config/variety/Favorites'
INFO: 2016-01-06 12:16:04,975: log_options() 'favorites_operations = [[u'Downloaded', u'Copy'], [u'Fetched', u'Move'], [u'Others', u'Copy']]'
INFO: 2016-01-06 12:16:04,975: log_options() 'fetched_folder = /home/aaronus23/.config/variety/Fetched'
INFO: 2016-01-06 12:16:04,976: log_options() 'filters = [[True, u'Keep original', u''], [False, u'Grayscale', u'-type Grayscale'], [False, u'Heavy blur', u'-blur 120x40'], [False, u'Soft blur', u'-blur 20x7'], [False, u'Oil painting', u'-paint 8'], [False, u'Pencil sketch', u'-colorspace gray \\( +clone -tile ~/.config/variety/pencil_tile.png -draw "color 0,0 reset" +clone +swap -compose color_dodge -composite \\) -fx \'u*.2+v*.8\''], [False, u'Pointilism', u'-spread 10 -noise 3'], [False, u'Pixellate', u'-scale 3% -scale 3333%']]'
INFO: 2016-01-06 12:16:04,976: log_options() 'icon = Light'
INFO: 2016-01-06 12:16:04,976: log_options() 'lightness_enabled = False'
INFO: 2016-01-06 12:16:04,976: log_options() 'lightness_mode = 0'
INFO: 2016-01-06 12:16:04,976: log_options() 'min_rating = 4'
INFO: 2016-01-06 12:16:04,976: log_options() 'min_rating_enabled = False'
INFO: 2016-01-06 12:16:04,976: log_options() 'min_size = 80'
INFO: 2016-01-06 12:16:04,976: log_options() 'min_size_enabled = False'
INFO: 2016-01-06 12:16:04,976: log_options() 'quota_enabled = True'
INFO: 2016-01-06 12:16:04,976: log_options() 'quota_size = 500'
INFO: 2016-01-06 12:16:04,977: log_options() 'quotes_authors = '
INFO: 2016-01-06 12:16:04,977: log_options() 'quotes_bg_color = [80, 80, 80]'
INFO: 2016-01-06 12:16:04,977: log_options() 'quotes_bg_opacity = 55'
INFO: 2016-01-06 12:16:04,977: log_options() 'quotes_change_enabled = False'
INFO: 2016-01-06 12:16:04,977: log_options() 'quotes_change_interval = 300'
INFO: 2016-01-06 12:16:04,977: log_options() 'quotes_disabled_sources = [u'QuotesDaddy']'
INFO: 2016-01-06 12:16:04,977: log_options() 'quotes_enabled = False'
INFO: 2016-01-06 12:16:04,977: log_options() 'quotes_favorites_file = /home/aaronus23/.config/variety/favorite_quotes.txt'
INFO: 2016-01-06 12:16:04,977: log_options() 'quotes_font = Bitstream Charter 30'
INFO: 2016-01-06 12:16:04,977: log_options() 'quotes_hpos = 100'
INFO: 2016-01-06 12:16:04,978: log_options() 'quotes_tags = '
INFO: 2016-01-06 12:16:04,978: log_options() 'quotes_text_color = [255, 255, 255]'
INFO: 2016-01-06 12:16:04,978: log_options() 'quotes_text_shadow = False'
INFO: 2016-01-06 12:16:04,978: log_options() 'quotes_vpos = 40'
INFO: 2016-01-06 12:16:04,978: log_options() 'quotes_width = 70'
INFO: 2016-01-06 12:16:04,978: log_options() 'smart_enabled = True'
INFO: 2016-01-06 12:16:04,978: log_options() 'smart_notice_shown = True'
INFO: 2016-01-06 12:16:04,978: log_options() 'smart_register_shown = True'
INFO: 2016-01-06 12:16:04,978: log_options() 'sources = [[True, 3, u'The Favorites folder'], [True, 4, u'The Fetched folder'], [True, 19, u'Recommended by Variety. Adapts to your taste as you mark images as favorite or trash.'], [True, 20, u'Latest favorites by the other users of Variety. [May contain NSFW images]'], [True, 2, u'/usr/share/backgrounds'], [True, 6, u'Random wallpapers from Desktoppr.co'], [False, 15, u'Bing Photo of the Day'], [False, 16, u'High-resolution photos from Unsplash.com'], [False, 8, u"NASA's Astronomy Picture of the Day"], [False, 11, u'World Sunlight Map - live wallpaper from Die.net'], [False, 14, u'https://www.reddit.com/r/MinimalWallpaper/top/?sort=top&t=year'], [False, 10, u'https://vrty.org/user/~peterlevi/rss'], [False, 7, u'user:www.flickr.com/photos/peter-levi/;user_id:93647178@N00;'], [False, 7, u'text:colorful;user:www.flickr.com/photos/pinksherbet/;user_id:40645538@N00;'], [False, 7, u'user:www.flickr.com/photos/isayx3/;user_id:52821721@N00;'], [True, 5, u'http://www.wallpapers.net/nature-hd-wallpapers78'], [True, 13, u'autumn'], [True, 13, u'nature'], [True, 13, u'macro'], [True, 13, u'leaves'], [True, 13, u'cityscape'], [True, 13, u'tilt shift'], [True, 13, u'bokeh']]'
INFO: 2016-01-06 12:16:04,979: log_options() 'stats_enabled = True'
INFO: 2016-01-06 12:16:04,979: log_options() 'stats_notice_shown = True'
INFO: 2016-01-06 12:16:04,979: log_options() 'sync_enabled = True'
INFO: 2016-01-06 12:16:04,979: log_options() 'use_landscape_enabled = True'
INFO: 2016-01-06 12:16:04,979: reload_config() 'No need to clear prepared queue'
INFO: 2016-01-06 12:16:04,988: load_last_change_time() 'Change interval >= 6 hours, using persisted last_change_time 1452098864.82'
INFO: 2016-01-06 12:16:04,988: load_last_change_time() 'Still to wait: 81099 seconds'
INFO: 2016-01-06 12:16:04,988: update_indicator() 'Setting file info to: /home/aaronus23/Pictures/Downloaded by Variety/wallhaven_autumn/wallhaven-264236.jpg'
INFO: 2016-01-06 12:16:05,091: do_set_wp() 'Calling do_set_wp with /home/aaronus23/Pictures/Downloaded by Variety/wallhaven_autumn/wallhaven-264236.jpg, time: 1452104165.09'
INFO: 2016-01-06 12:16:05,217: update_indicator() 'Setting file info to: /home/aaronus23/Pictures/Downloaded by Variety/wallhaven_autumn/wallhaven-264236.jpg'
